<?xml version="1.0" encoding="UTF-8"?>
<!-- Generated by org.testng.reporters.JUnitReportReporter -->
<testsuite hostname="DESKTOP-R6BD6UD" failures="0" tests="1" name="com.sw.test.GetPetShopTest" time="47.504" errors="0" timestamp="2023-02-22T15:05:03 IST" skipped="0">
  <testcase classname="com.sw.test.GetPetShopTest" name="checkInvalidGetPetStatusCodeTest" time="47.504"/>
  <system-out/>
</testsuite> <!-- com.sw.test.GetPetShopTest -->
