<?xml version="1.0" encoding="UTF-8"?>
<!-- Generated by org.testng.reporters.JUnitReportReporter -->
<testsuite hostname="DESKTOP-R6BD6UD" failures="0" tests="1" name="com.sw.test.PetShopTest" time="3.305" errors="0" timestamp="2023-02-22T14:37:58 IST" skipped="0">
  <testcase classname="com.sw.test.PetShopTest" name="checkPetByStatusResponseTest" time="3.305"/>
  <system-out>
    <![CDATA[[{"id":9223372036854607186,"category":{"id":-7851484784432263,"name":"et"},"name":"doggie","photoUrls":["dolores"],"tags":[{"id":-3792592738982947,"name":"ut"}],"status":"sold"},{"id":9223372036854607187,"category":{"id":-7851484784432263,"name":"et"},"name":"doggie","photoUrls":["dolores"],"tags":[{"id":-3792592738982947,"name":"ut"}],"status":"sold"},{"id":9223372036854607188,"category":{"id":-7851484784432263,"name":"et"},"name":"doggie","photoUrls":["dolores"],"tags":[{"id":-3792592738982947,"name":"ut"}],"status":"sold"},{"id":9223372036854607191,"category":{"id":-7851484784432263,"name":"et"},"name":"doggie","photoUrls":["dolores"],"tags":[{"id":-3792592738982947,"name":"ut"}],"status":"sold"},{"id":9223372036854607192,"category":{"id":-7851484784432263,"name":"et"},"name":"doggie","photoUrls":["dolores"],"tags":[{"id":-3792592738982947,"name":"ut"}],"status":"sold"},{"id":9223372036854607193,"category":{"id":-7851484784432263,"name":"et"},"name":"doggie","photoUrls":["dolores"],"tags":[{"id":-3792592738982947,"name":"ut"}],"status":"sold"},{"id":9223372036854607194,"category":{"id":-7851484784432263,"name":"et"},"name":"doggie","photoUrls":["dolores"],"tags":[{"id":-3792592738982947,"name":"ut"}],"status":"sold"},{"id":9223372036854607195,"category":{"id":-7851484784432263,"name":"et"},"name":"doggie","photoUrls":["dolores"],"tags":[{"id":-3792592738982947,"name":"ut"}],"status":"sold"},{"id":9223372036854607196,"category":{"id":-7851484784432263,"name":"et"},"name":"doggie","photoUrls":["dolores"],"tags":[{"id":-3792592738982947,"name":"ut"}],"status":"sold"},{"id":9223372036854607197,"category":{"id":-7851484784432263,"name":"et"},"name":"doggie","photoUrls":["dolores"],"tags":[{"id":-3792592738982947,"name":"ut"}],"status":"sold"},{"id":9223372036854607198,"category":{"id":-7851484784432263,"name":"et"},"name":"doggie","photoUrls":["dolores"],"tags":[{"id":-3792592738982947,"name":"ut"}],"status":"sold"},{"id":9223372036854607199,"category":{"id":-7851484784432263,"name":"et"},"name":"doggie","photoUrls":["dolores"],"tags":[{"id":-3792592738982947,"name":"ut"}],"status":"sold"},{"id":9223372036854607200,"category":{"id":-7851484784432263,"name":"et"},"name":"doggie","photoUrls":["dolores"],"tags":[{"id":-3792592738982947,"name":"ut"}],"status":"sold"},{"id":9223372036854607201,"category":{"id":-7851484784432263,"name":"et"},"name":"doggie","photoUrls":["dolores"],"tags":[{"id":-3792592738982947,"name":"ut"}],"status":"sold"},{"id":9223372036854607202,"category":{"id":-7851484784432263,"name":"et"},"name":"doggie","photoUrls":["dolores"],"tags":[{"id":-3792592738982947,"name":"ut"}],"status":"sold"},{"id":9223372036854607203,"category":{"id":-7851484784432263,"name":"et"},"name":"doggie","photoUrls":["dolores"],"tags":[{"id":-3792592738982947,"name":"ut"}],"status":"sold"},{"id":9223372036854607204,"category":{"id":-7851484784432263,"name":"et"},"name":"doggie","photoUrls":["dolores"],"tags":[{"id":-3792592738982947,"name":"ut"}],"status":"sold"},{"id":9223372036854607205,"category":{"id":-7851484784432263,"name":"et"},"name":"doggie","photoUrls":["dolores"],"tags":[{"id":-3792592738982947,"name":"ut"}],"status":"sold"},{"id":9223372036854607206,"category":{"id":-7851484784432263,"name":"et"},"name":"doggie","photoUrls":["dolores"],"tags":[{"id":-3792592738982947,"name":"ut"}],"status":"sold"},{"id":9223372036854607207,"category":{"id":-7851484784432263,"name":"et"},"name":"doggie","photoUrls":["dolores"],"tags":[{"id":-3792592738982947,"name":"ut"}],"status":"sold"},{"id":9223372036854607208,"category":{"id":-7851484784432263,"name":"et"},"name":"doggie","photoUrls":["dolores"],"tags":[{"id":-3792592738982947,"name":"ut"}],"status":"sold"},{"id":9223372036854607209,"category":{"id":-7851484784432263,"name":"et"},"name":"doggie","photoUrls":["dolores"],"tags":[{"id":-3792592738982947,"name":"ut"}],"status":"sold"},{"id":9223372036854607210,"category":{"id":-7851484784432263,"name":"et"},"name":"doggie","photoUrls":["dolores"],"tags":[{"id":-3792592738982947,"name":"ut"}],"status":"sold"},{"id":9223372036854607213,"category":{"id":-7851484784432263,"name":"et"},"name":"doggie","photoUrls":["dolores"],"tags":[{"id":-3792592738982947,"name":"ut"}],"status":"sold"},{"id":9223372036854607214,"category":{"id":-7851484784432263,"name":"et"},"name":"doggie","photoUrls":["dolores"],"tags":[{"id":-3792592738982947,"name":"ut"}],"status":"sold"},{"id":9223372036854607215,"category":{"id":-7851484784432263,"name":"et"},"name":"doggie","photoUrls":["dolores"],"tags":[{"id":-3792592738982947,"name":"ut"}],"status":"sold"},{"id":9223372036854607216,"category":{"id":-7851484784432263,"name":"et"},"name":"doggie","photoUrls":["dolores"],"tags":[{"id":-3792592738982947,"name":"ut"}],"status":"sold"},{"id":9223372036854607217,"category":{"id":-7851484784432263,"name":"et"},"name":"doggie","photoUrls":["dolores"],"tags":[{"id":-3792592738982947,"name":"ut"}],"status":"sold"},{"id":9223372036854607218,"category":{"id":-7851484784432263,"name":"et"},"name":"doggie","photoUrls":["dolores"],"tags":[{"id":-3792592738982947,"name":"ut"}],"status":"sold"},{"id":9223372036854607219,"category":{"id":-7851484784432263,"name":"et"},"name":"doggie","photoUrls":["dolores"],"tags":[{"id":-3792592738982947,"name":"ut"}],"status":"sold"},{"id":9223372036854607220,"category":{"id":-7851484784432263,"name":"et"},"name":"doggie","photoUrls":["dolores"],"tags":[{"id":-3792592738982947,"name":"ut"}],"status":"sold"},{"id":9223372036854607221,"category":{"id":-7851484784432263,"name":"et"},"name":"doggie","photoUrls":["dolores"],"tags":[{"id":-3792592738982947,"name":"ut"}],"status":"sold"},{"id":9223372036854607222,"category":{"id":-7851484784432263,"name":"et"},"name":"doggie","photoUrls":["dolores"],"tags":[{"id":-3792592738982947,"name":"ut"}],"status":"sold"},{"id":9223372036854607223,"category":{"id":-7851484784432263,"name":"et"},"name":"doggie","photoUrls":["dolores"],"tags":[{"id":-3792592738982947,"name":"ut"}],"status":"sold"},{"id":9223372036854607224,"category":{"id":-7851484784432263,"name":"et"},"name":"doggie","photoUrls":["dolores"],"tags":[{"id":-3792592738982947,"name":"ut"}],"status":"sold"},{"id":9223372036854607225,"category":{"id":-7851484784432263,"name":"et"},"name":"doggie","photoUrls":["dolores"],"tags":[{"id":-3792592738982947,"name":"ut"}],"status":"sold"},{"id":9223372036854607226,"category":{"id":-7851484784432263,"name":"et"},"name":"doggie","photoUrls":["dolores"],"tags":[{"id":-3792592738982947,"name":"ut"}],"status":"sold"},{"id":9223372036854607227,"category":{"id":-7851484784432263,"name":"et"},"name":"doggie","photoUrls":["dolores"],"tags":[{"id":-3792592738982947,"name":"ut"}],"status":"sold"},{"id":9223372036854607228,"category":{"id":-7851484784432263,"name":"et"},"name":"doggie","photoUrls":["dolores"],"tags":[{"id":-3792592738982947,"name":"ut"}],"status":"sold"},{"id":9223372036854607229,"category":{"id":-7851484784432263,"name":"et"},"name":"doggie","photoUrls":["dolores"],"tags":[{"id":-3792592738982947,"name":"ut"}],"status":"sold"},{"id":9223372036854607230,"category":{"id":-7851484784432263,"name":"et"},"name":"doggie","photoUrls":["dolores"],"tags":[{"id":-3792592738982947,"name":"ut"}],"status":"sold"},{"id":9223372036854607231,"category":{"id":-7851484784432263,"name":"et"},"name":"doggie","photoUrls":["dolores"],"tags":[{"id":-3792592738982947,"name":"ut"}],"status":"sold"},{"id":9223372036854607232,"category":{"id":-7851484784432263,"name":"et"},"name":"doggie","photoUrls":["dolores"],"tags":[{"id":-3792592738982947,"name":"ut"}],"status":"sold"},{"id":9223372036854607233,"category":{"id":-7851484784432263,"name":"et"},"name":"doggie","photoUrls":["dolores"],"tags":[{"id":-3792592738982947,"name":"ut"}],"status":"sold"},{"id":9223372036854607234,"category":{"id":-7851484784432263,"name":"et"},"name":"doggie","photoUrls":["dolores"],"tags":[{"id":-3792592738982947,"name":"ut"}],"status":"sold"},{"id":9223372036854607235,"category":{"id":-7851484784432263,"name":"et"},"name":"doggie","photoUrls":["dolores"],"tags":[{"id":-3792592738982947,"name":"ut"}],"status":"sold"},{"id":9223372036854607236,"category":{"id":-7851484784432263,"name":"et"},"name":"doggie","photoUrls":["dolores"],"tags":[{"id":-3792592738982947,"name":"ut"}],"status":"sold"},{"id":9223372036854607237,"category":{"id":-7851484784432263,"name":"et"},"name":"doggie","photoUrls":["dolores"],"tags":[{"id":-3792592738982947,"name":"ut"}],"status":"sold"},{"id":9223372036854607238,"category":{"id":-7851484784432263,"name":"et"},"name":"doggie","photoUrls":["dolores"],"tags":[{"id":-3792592738982947,"name":"ut"}],"status":"sold"},{"id":9223372036854607239,"category":{"id":-7851484784432263,"name":"et"},"name":"doggie","photoUrls":["dolores"],"tags":[{"id":-3792592738982947,"name":"ut"}],"status":"sold"},{"id":9223372036854607240,"category":{"id":-7851484784432263,"name":"et"},"name":"doggie","photoUrls":["dolores"],"tags":[{"id":-3792592738982947,"name":"ut"}],"status":"sold"},{"id":9223372036854607241,"category":{"id":-7851484784432263,"name":"et"},"name":"doggie","photoUrls":["dolores"],"tags":[{"id":-3792592738982947,"name":"ut"}],"status":"sold"},{"id":9223372036854607242,"category":{"id":-7851484784432263,"name":"et"},"name":"doggie","photoUrls":["dolores"],"tags":[{"id":-3792592738982947,"name":"ut"}],"status":"sold"},{"id":9223372036854607243,"category":{"id":-7851484784432263,"name":"et"},"name":"doggie","photoUrls":["dolores"],"tags":[{"id":-3792592738982947,"name":"ut"}],"status":"sold"},{"id":9223372036854607244,"category":{"id":-7851484784432263,"name":"et"},"name":"doggie","photoUrls":["dolores"],"tags":[{"id":-3792592738982947,"name":"ut"}],"status":"sold"},{"id":9223372036854607245,"category":{"id":-7851484784432263,"name":"et"},"name":"doggie","photoUrls":["dolores"],"tags":[{"id":-3792592738982947,"name":"ut"}],"status":"sold"},{"id":9223372036854607246,"category":{"id":-7851484784432263,"name":"et"},"name":"doggie","photoUrls":["dolores"],"tags":[{"id":-3792592738982947,"name":"ut"}],"status":"sold"},{"id":9223372036854607247,"category":{"id":-7851484784432263,"name":"et"},"name":"doggie","photoUrls":["dolores"],"tags":[{"id":-3792592738982947,"name":"ut"}],"status":"sold"},{"id":9223372036854607248,"category":{"id":-7851484784432263,"name":"et"},"name":"doggie","photoUrls":["dolores"],"tags":[{"id":-3792592738982947,"name":"ut"}],"status":"sold"},{"id":9223372036854607249,"category":{"id":-7851484784432263,"name":"et"},"name":"doggie","photoUrls":["dolores"],"tags":[{"id":-3792592738982947,"name":"ut"}],"status":"sold"},{"id":9223372036854607250,"category":{"id":-7851484784432263,"name":"et"},"name":"doggie","photoUrls":["dolores"],"tags":[{"id":-3792592738982947,"name":"ut"}],"status":"sold"},{"id":9223372036854607251,"category":{"id":-7851484784432263,"name":"et"},"name":"doggie","photoUrls":["dolores"],"tags":[{"id":-3792592738982947,"name":"ut"}],"status":"sold"},{"id":9223372036854607252,"category":{"id":-7851484784432263,"name":"et"},"name":"doggie","photoUrls":["dolores"],"tags":[{"id":-3792592738982947,"name":"ut"}],"status":"sold"},{"id":9223372036854607253,"category":{"id":-7851484784432263,"name":"et"},"name":"doggie","photoUrls":["dolores"],"tags":[{"id":-3792592738982947,"name":"ut"}],"status":"sold"},{"id":9223372036854607254,"category":{"id":-7851484784432263,"name":"et"},"name":"doggie","photoUrls":["dolores"],"tags":[{"id":-3792592738982947,"name":"ut"}],"status":"sold"},{"id":9223372036854607255,"category":{"id":-7851484784432263,"name":"et"},"name":"doggie","photoUrls":["dolores"],"tags":[{"id":-3792592738982947,"name":"ut"}],"status":"sold"},{"id":9223372036854607256,"category":{"id":-7851484784432263,"name":"et"},"name":"doggie","photoUrls":["dolores"],"tags":[{"id":-3792592738982947,"name":"ut"}],"status":"sold"},{"id":9223372036854607258,"category":{"id":-7851484784432263,"name":"et"},"name":"doggie","photoUrls":["dolores"],"tags":[{"id":-3792592738982947,"name":"ut"}],"status":"sold"},{"id":9223372036854607259,"category":{"id":-7851484784432263,"name":"et"},"name":"doggie","photoUrls":["dolores"],"tags":[{"id":-3792592738982947,"name":"ut"}],"status":"sold"},{"id":9223372036854607260,"category":{"id":-7851484784432263,"name":"et"},"name":"doggie","photoUrls":["dolores"],"tags":[{"id":-3792592738982947,"name":"ut"}],"status":"sold"},{"id":9223372036854607261,"category":{"id":-7851484784432263,"name":"et"},"name":"doggie","photoUrls":["dolores"],"tags":[{"id":-3792592738982947,"name":"ut"}],"status":"sold"},{"id":9223372036854607262,"category":{"id":-7851484784432263,"name":"et"},"name":"doggie","photoUrls":["dolores"],"tags":[{"id":-3792592738982947,"name":"ut"}],"status":"sold"},{"id":9223372036854607263,"category":{"id":-7851484784432263,"name":"et"},"name":"doggie","photoUrls":["dolores"],"tags":[{"id":-3792592738982947,"name":"ut"}],"status":"sold"},{"id":9223372036854607264,"category":{"id":-7851484784432263,"name":"et"},"name":"doggie","photoUrls":["dolores"],"tags":[{"id":-3792592738982947,"name":"ut"}],"status":"sold"},{"id":9223372036854607265,"category":{"id":-7851484784432263,"name":"et"},"name":"doggie","photoUrls":["dolores"],"tags":[{"id":-3792592738982947,"name":"ut"}],"status":"sold"},{"id":9223372036854607266,"category":{"id":-7851484784432263,"name":"et"},"name":"doggie","photoUrls":["dolores"],"tags":[{"id":-3792592738982947,"name":"ut"}],"status":"sold"},{"id":9223372036854607267,"category":{"id":-7851484784432263,"name":"et"},"name":"doggie","photoUrls":["dolores"],"tags":[{"id":-3792592738982947,"name":"ut"}],"status":"sold"},{"id":9223372036854607268,"category":{"id":-7851484784432263,"name":"et"},"name":"doggie","photoUrls":["dolores"],"tags":[{"id":-3792592738982947,"name":"ut"}],"status":"sold"},{"id":9223372036854607269,"category":{"id":-7851484784432263,"name":"et"},"name":"doggie","photoUrls":["dolores"],"tags":[{"id":-3792592738982947,"name":"ut"}],"status":"sold"},{"id":9223372036854607270,"category":{"id":-7851484784432263,"name":"et"},"name":"doggie","photoUrls":["dolores"],"tags":[{"id":-3792592738982947,"name":"ut"}],"status":"sold"},{"id":9223372036854607271,"category":{"id":-7851484784432263,"name":"et"},"name":"doggie","photoUrls":["dolores"],"tags":[{"id":-3792592738982947,"name":"ut"}],"status":"sold"},{"id":9223372036854607272,"category":{"id":-7851484784432263,"name":"et"},"name":"doggie","photoUrls":["dolores"],"tags":[{"id":-3792592738982947,"name":"ut"}],"status":"sold"},{"id":9223372036854607273,"category":{"id":-7851484784432263,"name":"et"},"name":"doggie","photoUrls":["dolores"],"tags":[{"id":-3792592738982947,"name":"ut"}],"status":"sold"},{"id":9223372036854607274,"category":{"id":-7851484784432263,"name":"et"},"name":"doggie","photoUrls":["dolores"],"tags":[{"id":-3792592738982947,"name":"ut"}],"status":"sold"},{"id":9223372036854607275,"category":{"id":-7851484784432263,"name":"et"},"name":"doggie","photoUrls":["dolores"],"tags":[{"id":-3792592738982947,"name":"ut"}],"status":"sold"},{"id":9223372036854607276,"category":{"id":-7851484784432263,"name":"et"},"name":"doggie","photoUrls":["dolores"],"tags":[{"id":-3792592738982947,"name":"ut"}],"status":"sold"},{"id":9223372036854607277,"category":{"id":-7851484784432263,"name":"et"},"name":"doggie","photoUrls":["dolores"],"tags":[{"id":-3792592738982947,"name":"ut"}],"status":"sold"},{"id":9223372036854607278,"category":{"id":-7851484784432263,"name":"et"},"name":"doggie","photoUrls":["dolores"],"tags":[{"id":-3792592738982947,"name":"ut"}],"status":"sold"},{"id":9223372036854607279,"category":{"id":-7851484784432263,"name":"et"},"name":"doggie","photoUrls":["dolores"],"tags":[{"id":-3792592738982947,"name":"ut"}],"status":"sold"},{"id":9223372036854607280,"category":{"id":-7851484784432263,"name":"et"},"name":"doggie","photoUrls":["dolores"],"tags":[{"id":-3792592738982947,"name":"ut"}],"status":"sold"},{"id":9223372036854607281,"category":{"id":-7851484784432263,"name":"et"},"name":"doggie","photoUrls":["dolores"],"tags":[{"id":-3792592738982947,"name":"ut"}],"status":"sold"},{"id":9223372036854607282,"category":{"id":-7851484784432263,"name":"et"},"name":"doggie","photoUrls":["dolores"],"tags":[{"id":-3792592738982947,"name":"ut"}],"status":"sold"},{"id":9223372036854607283,"category":{"id":-7851484784432263,"name":"et"},"name":"doggie","photoUrls":["dolores"],"tags":[{"id":-3792592738982947,"name":"ut"}],"status":"sold"},{"id":9223372036854607284,"category":{"id":-7851484784432263,"name":"et"},"name":"doggie","photoUrls":["dolores"],"tags":[{"id":-3792592738982947,"name":"ut"}],"status":"sold"},{"id":9223372036854607285,"category":{"id":-7851484784432263,"name":"et"},"name":"doggie","photoUrls":["dolores"],"tags":[{"id":-3792592738982947,"name":"ut"}],"status":"sold"},{"id":9223372036854607286,"category":{"id":-7851484784432263,"name":"et"},"name":"doggie","photoUrls":["dolores"],"tags":[{"id":-3792592738982947,"name":"ut"}],"status":"sold"},{"id":9223372036854607287,"category":{"id":-7851484784432263,"name":"et"},"name":"doggie","photoUrls":["dolores"],"tags":[{"id":-3792592738982947,"name":"ut"}],"status":"sold"},{"id":9223372036854607288,"category":{"id":-7851484784432263,"name":"et"},"name":"doggie","photoUrls":["dolores"],"tags":[{"id":-3792592738982947,"name":"ut"}],"status":"sold"},{"id":9223372036854607289,"category":{"id":-7851484784432263,"name":"et"},"name":"doggie","photoUrls":["dolores"],"tags":[{"id":-3792592738982947,"name":"ut"}],"status":"sold"},{"id":9223372036854607290,"category":{"id":-7851484784432263,"name":"et"},"name":"doggie","photoUrls":["dolores"],"tags":[{"id":-3792592738982947,"name":"ut"}],"status":"sold"},{"id":9223372036854607291,"category":{"id":-7851484784432263,"name":"et"},"name":"doggie","photoUrls":["dolores"],"tags":[{"id":-3792592738982947,"name":"ut"}],"status":"sold"},{"id":9223372036854607292,"category":{"id":-7851484784432263,"name":"et"},"name":"doggie","photoUrls":["dolores"],"tags":[{"id":-3792592738982947,"name":"ut"}],"status":"sold"},{"id":9223372036854607293,"category":{"id":-7851484784432263,"name":"et"},"name":"doggie","photoUrls":["dolores"],"tags":[{"id":-3792592738982947,"name":"ut"}],"status":"sold"},{"id":9223372036854607294,"category":{"id":-7851484784432263,"name":"et"},"name":"doggie","photoUrls":["dolores"],"tags":[{"id":-3792592738982947,"name":"ut"}],"status":"sold"},{"id":9223372036854607295,"category":{"id":-7851484784432263,"name":"et"},"name":"doggie","photoUrls":["dolores"],"tags":[{"id":-3792592738982947,"name":"ut"}],"status":"sold"},{"id":9223372036854607296,"category":{"id":-7851484784432263,"name":"et"},"name":"doggie","photoUrls":["dolores"],"tags":[{"id":-3792592738982947,"name":"ut"}],"status":"sold"},{"id":9223372036854607297,"category":{"id":-7851484784432263,"name":"et"},"name":"doggie","photoUrls":["dolores"],"tags":[{"id":-3792592738982947,"name":"ut"}],"status":"sold"},{"id":111001,"category":{"id":0,"name":"собака"},"name":"рекс","photoUrls":["string"],"tags":[{"id":0,"name":"string"}],"status":"sold"},{"id":9223372036854257686,"category":{"id":0,"name":"cat"},"name":"Mika","photoUrls":["string"],"tags":[{"id":0,"name":"string"}],"status":"sold"}]]]>
  </system-out>
</testsuite> <!-- com.sw.test.PetShopTest -->
