<?xml version="1.0" encoding="UTF-8"?>
<!-- Generated by org.testng.reporters.JUnitReportReporter -->
<testsuite hostname="DESKTOP-R6BD6UD" failures="0" tests="1" name="com.sw.test.PostPetShopTest" time="10.144" errors="0" timestamp="2023-02-22T15:01:28 IST" skipped="0">
  <testcase classname="com.sw.test.PostPetShopTest" name="deletePetTest" time="10.144"/>
  <system-out/>
</testsuite> <!-- com.sw.test.PostPetShopTest -->
